2025-10-29T18:37:00.249+05:00  INFO 53857 --- [ebento] [main] org.ozbeman.ebento.EbentoApplication     : Starting EbentoApplication using Java 24.0.1 with PID 53857 (/home/user/Projects/IdeaProjects/ebento/target/classes started by user in /home/user/Projects/IdeaProjects/ebento)
2025-10-29T18:37:00.251+05:00  INFO 53857 --- [ebento] [main] org.ozbeman.ebento.EbentoApplication     : The following 1 profile is active: "dev"
2025-10-29T18:37:00.874+05:00  INFO 53857 --- [ebento] [main] .s.d.r.c.RepositoryConfigurationDelegate : Multiple Spring Data modules found, entering strict repository configuration mode
2025-10-29T18:37:00.875+05:00  INFO 53857 --- [ebento] [main] .s.d.r.c.RepositoryConfigurationDelegate : Bootstrapping Spring Data JPA repositories in DEFAULT mode.
2025-10-29T18:37:00.963+05:00  INFO 53857 --- [ebento] [main] .s.d.r.c.RepositoryConfigurationDelegate : Finished Spring Data repository scanning in 82 ms. Found 6 JPA repository interfaces.
2025-10-29T18:37:00.973+05:00  INFO 53857 --- [ebento] [main] .s.d.r.c.RepositoryConfigurationDelegate : Multiple Spring Data modules found, entering strict repository configuration mode
2025-10-29T18:37:00.974+05:00  INFO 53857 --- [ebento] [main] .s.d.r.c.RepositoryConfigurationDelegate : Bootstrapping Spring Data Redis repositories in DEFAULT mode.
2025-10-29T18:37:00.988+05:00  INFO 53857 --- [ebento] [main] .RepositoryConfigurationExtensionSupport : Spring Data Redis - Could not safely identify store assignment for repository candidate interface org.ozbeman.ebento.repository.ChannelCategoryRepository; If you want this repository to be a Redis repository, consider annotating your entities with one of these annotations: org.springframework.data.redis.core.RedisHash (preferred), or consider extending one of the following types with your repository: org.springframework.data.keyvalue.repository.KeyValueRepository
2025-10-29T18:37:00.988+05:00  INFO 53857 --- [ebento] [main] .RepositoryConfigurationExtensionSupport : Spring Data Redis - Could not safely identify store assignment for repository candidate interface org.ozbeman.ebento.repository.ChannelRepository; If you want this repository to be a Redis repository, consider annotating your entities with one of these annotations: org.springframework.data.redis.core.RedisHash (preferred), or consider extending one of the following types with your repository: org.springframework.data.keyvalue.repository.KeyValueRepository
2025-10-29T18:37:00.988+05:00  INFO 53857 --- [ebento] [main] .RepositoryConfigurationExtensionSupport : Spring Data Redis - Could not safely identify store assignment for repository candidate interface org.ozbeman.ebento.repository.EventRepository; If you want this repository to be a Redis repository, consider annotating your entities with one of these annotations: org.springframework.data.redis.core.RedisHash (preferred), or consider extending one of the following types with your repository: org.springframework.data.keyvalue.repository.KeyValueRepository
2025-10-29T18:37:00.989+05:00  INFO 53857 --- [ebento] [main] .RepositoryConfigurationExtensionSupport : Spring Data Redis - Could not safely identify store assignment for repository candidate interface org.ozbeman.ebento.repository.RoleRepository; If you want this repository to be a Redis repository, consider annotating your entities with one of these annotations: org.springframework.data.redis.core.RedisHash (preferred), or consider extending one of the following types with your repository: org.springframework.data.keyvalue.repository.KeyValueRepository
2025-10-29T18:37:00.989+05:00  INFO 53857 --- [ebento] [main] .RepositoryConfigurationExtensionSupport : Spring Data Redis - Could not safely identify store assignment for repository candidate interface org.ozbeman.ebento.repository.SessionRepository; If you want this repository to be a Redis repository, consider annotating your entities with one of these annotations: org.springframework.data.redis.core.RedisHash (preferred), or consider extending one of the following types with your repository: org.springframework.data.keyvalue.repository.KeyValueRepository
2025-10-29T18:37:00.989+05:00  INFO 53857 --- [ebento] [main] .RepositoryConfigurationExtensionSupport : Spring Data Redis - Could not safely identify store assignment for repository candidate interface org.ozbeman.ebento.repository.UserRepository; If you want this repository to be a Redis repository, consider annotating your entities with one of these annotations: org.springframework.data.redis.core.RedisHash (preferred), or consider extending one of the following types with your repository: org.springframework.data.keyvalue.repository.KeyValueRepository
2025-10-29T18:37:00.989+05:00  INFO 53857 --- [ebento] [main] .s.d.r.c.RepositoryConfigurationDelegate : Finished Spring Data repository scanning in 9 ms. Found 0 Redis repository interfaces.
2025-10-29T18:37:01.368+05:00  INFO 53857 --- [ebento] [main] o.s.b.w.embedded.tomcat.TomcatWebServer  : Tomcat initialized with port 8080 (http)
2025-10-29T18:37:01.377+05:00  INFO 53857 --- [ebento] [main] o.apache.catalina.core.StandardService   : Starting service [Tomcat]
2025-10-29T18:37:01.378+05:00  INFO 53857 --- [ebento] [main] o.apache.catalina.core.StandardEngine    : Starting Servlet engine: [Apache Tomcat/10.1.46]
2025-10-29T18:37:01.405+05:00  INFO 53857 --- [ebento] [main] o.a.c.c.C.[Tomcat].[localhost].[/]       : Initializing Spring embedded WebApplicationContext
2025-10-29T18:37:01.405+05:00  INFO 53857 --- [ebento] [main] w.s.c.ServletWebServerApplicationContext : Root WebApplicationContext: initialization completed in 1122 ms
2025-10-29T18:37:01.509+05:00  INFO 53857 --- [ebento] [main] o.hibernate.jpa.internal.util.LogHelper  : HHH000204: Processing PersistenceUnitInfo [name: default]
2025-10-29T18:37:01.535+05:00  INFO 53857 --- [ebento] [main] org.hibernate.Version                    : HHH000412: Hibernate ORM core version 6.6.29.Final
2025-10-29T18:37:01.557+05:00  INFO 53857 --- [ebento] [main] o.h.c.internal.RegionFactoryInitiator    : HHH000026: Second-level cache disabled
2025-10-29T18:37:01.724+05:00  INFO 53857 --- [ebento] [main] o.s.o.j.p.SpringPersistenceUnitInfo      : No LoadTimeWeaver setup: ignoring JPA class transformer
2025-10-29T18:37:01.742+05:00  INFO 53857 --- [ebento] [main] com.zaxxer.hikari.HikariDataSource       : HikariPool-1 - Starting...
2025-10-29T18:37:01.946+05:00  INFO 53857 --- [ebento] [main] com.zaxxer.hikari.pool.HikariPool        : HikariPool-1 - Added connection org.postgresql.jdbc.PgConnection@9f48198
2025-10-29T18:37:01.947+05:00  INFO 53857 --- [ebento] [main] com.zaxxer.hikari.HikariDataSource       : HikariPool-1 - Start completed.
2025-10-29T18:37:01.968+05:00  WARN 53857 --- [ebento] [main] org.hibernate.orm.deprecation            : HHH90000025: PostgreSQLDialect does not need to be specified explicitly using 'hibernate.dialect' (remove the property setting and it will be selected by default)
2025-10-29T18:37:01.980+05:00  INFO 53857 --- [ebento] [main] org.hibernate.orm.connections.pooling    : HHH10001005: Database info:
	Database JDBC URL [Connecting through datasource 'HikariDataSource (HikariPool-1)']
	Database driver: undefined/unknown
	Database version: 16.10
	Autocommit mode: undefined/unknown
	Isolation level: undefined/unknown
	Minimum pool size: undefined/unknown
	Maximum pool size: undefined/unknown
2025-10-29T18:37:02.544+05:00  INFO 53857 --- [ebento] [main] o.h.e.t.j.p.i.JtaPlatformInitiator       : HHH000489: No JTA platform available (set 'hibernate.transaction.jta.platform' to enable JTA platform integration)
2025-10-29T18:37:02.774+05:00  INFO 53857 --- [ebento] [main] j.LocalContainerEntityManagerFactoryBean : Initialized JPA EntityManagerFactory for persistence unit 'default'
2025-10-29T18:37:02.917+05:00  INFO 53857 --- [ebento] [main] o.s.d.j.r.query.QueryEnhancerFactory     : Hibernate is in classpath; If applicable, HQL parser will be used.
2025-10-29T18:37:03.759+05:00  WARN 53857 --- [ebento] [main] JpaBaseConfiguration$JpaWebConfiguration : spring.jpa.open-in-view is enabled by default. Therefore, database queries may be performed during view rendering. Explicitly configure spring.jpa.open-in-view to disable this warning
2025-10-29T18:37:03.899+05:00  WARN 53857 --- [ebento] [main] .s.s.UserDetailsServiceAutoConfiguration : 

Using generated security password: 92d1372d-51a7-4236-a5b2-d3f5e952c565

This generated password is for development use only. Your security configuration must be updated before running your application in production.

2025-10-29T18:37:03.902+05:00  INFO 53857 --- [ebento] [main] r$InitializeUserDetailsManagerConfigurer : Global AuthenticationManager configured with UserDetailsService bean with name inMemoryUserDetailsManager
2025-10-29T18:37:04.190+05:00  INFO 53857 --- [ebento] [main] o.s.b.w.embedded.tomcat.TomcatWebServer  : Tomcat started on port 8080 (http) with context path '/'
2025-10-29T18:37:04.196+05:00  INFO 53857 --- [ebento] [main] org.ozbeman.ebento.EbentoApplication     : Started EbentoApplication in 4.272 seconds (process running for 4.484)
2025-10-29T18:37:16.203+05:00  INFO 53857 --- [ebento] [http-nio-8080-exec-1] o.a.c.c.C.[Tomcat].[localhost].[/]       : Initializing Spring DispatcherServlet 'dispatcherServlet'
2025-10-29T18:37:16.203+05:00  INFO 53857 --- [ebento] [http-nio-8080-exec-1] o.s.web.servlet.DispatcherServlet        : Initializing Servlet 'dispatcherServlet'
2025-10-29T18:37:16.204+05:00  INFO 53857 --- [ebento] [http-nio-8080-exec-1] o.s.web.servlet.DispatcherServlet        : Completed initialization in 1 ms
2025-10-29T18:37:16.843+05:00  INFO 53857 --- [ebento] [http-nio-8080-exec-9] o.springdoc.api.AbstractOpenApiResource  : Init duration for springdoc-openapi is: 438 ms
